#
# There is insufficient memory for the Java Runtime Environment to continue.
# Native memory allocation (malloc) failed to allocate 1732336 bytes for Chunk::new
# Possible reasons:
#   The system is out of physical RAM or swap space
#   The process is running with CompressedOops enabled, and the Java Heap may be blocking the growth of the native heap
# Possible solutions:
#   Reduce memory load on the system
#   Increase physical memory or swap space
#   Check if swap backing store is full
#   Decrease Java heap size (-Xmx/-Xms)
#   Decrease number of Java threads
#   Decrease Java thread stack sizes (-Xss)
#   Set larger code cache with -XX:ReservedCodeCacheSize=
#   JVM is running with Unscaled Compressed Oops mode in which the Java heap is
#     placed in the first 4GB address space. The Java Heap base address is the
#     maximum limit for the native heap growth. Please use -XX:HeapBaseMinAddress
#     to set the Java Heap base and to place the Java Heap above 4GB virtual address.
# This output file may be truncated or incomplete.
#
#  Out of Memory Error (allocation.cpp:389), pid=19136, tid=0x0000000000004910
#
# JRE version: OpenJDK Runtime Environment (8.0_242-b01) (build 1.8.0_242-release-1644-b01)
# Java VM: OpenJDK 64-Bit Server VM (25.242-b01 mixed mode windows-amd64 compressed oops)
# Failed to write core dump. Minidumps are not enabled by default on client versions of Windows
#

---------------  T H R E A D  ---------------

Current thread (0x00000000185ff000):  JavaThread "C2 CompilerThread2" daemon [_thread_in_native, id=18704, stack(0x00000000190e0000,0x00000000191e0000)]

Stack: [0x00000000190e0000,0x00000000191e0000]
[error occurred during error reporting (printing stack bounds), id 0xc0000005]

Native frames: (J=compiled Java code, j=interpreted, Vv=VM code, C=native code)


Current CompileTask:
C2:   9579 2433       4       groovy.lang.MetaClassImpl$1MOPIter::methodNameAction (325 bytes)


---------------  P R O C E S S  ---------------

Java Threads: ( => current thread )
  0x0000000018799000 JavaThread "Cache worker for file content cache (C:\Users\snrni\.gradle\caches\6.7\fileContent)" [_thread_blocked, id=19460, stack(0x0000000021a20000,0x0000000021b20000)]
  0x0000000018797800 JavaThread "jar transforms" [_thread_blocked, id=13340, stack(0x0000000021920000,0x0000000021a20000)]
  0x0000000018796800 JavaThread "Cache worker for execution history cache (C:\Users\snrni\.gradle\caches\6.7\executionHistory)" [_thread_blocked, id=18980, stack(0x0000000021220000,0x0000000021320000)]
  0x0000000018795000 JavaThread "Cache worker for cache directory md-rule (C:\Users\snrni\.gradle\caches\6.7\md-rule)" [_thread_blocked, id=18352, stack(0x0000000020d60000,0x0000000020e60000)]
  0x000000001879a800 JavaThread "Cache worker for cache directory md-supplier (C:\Users\snrni\.gradle\caches\6.7\md-supplier)" [_thread_blocked, id=10224, stack(0x000000001fc00000,0x000000001fd00000)]
  0x0000000018794800 JavaThread "Cache worker for checksums cache (C:\Users\snrni\Documents\Flutter\crypto_app\android\.gradle\checksums)" [_thread_blocked, id=17636, stack(0x000000001fb00000,0x000000001fc00000)]
  0x000000001879b000 JavaThread "Cache worker for file hash cache (C:\Users\snrni\Documents\Flutter\crypto_app\android\.gradle\6.7\fileHashes)" [_thread_blocked, id=12392, stack(0x0000000020f20000,0x0000000021020000)]
  0x0000000018799800 JavaThread "Cache worker for journal cache (C:\Users\snrni\.gradle\caches\journal-1)" [_thread_blocked, id=17768, stack(0x000000001d660000,0x000000001d760000)]
  0x0000000018798000 JavaThread "File lock request listener" [_thread_in_native, id=16504, stack(0x000000001d560000,0x000000001d660000)]
  0x0000000018812000 JavaThread "Cache worker for file hash cache (C:\Users\snrni\.gradle\caches\6.7\fileHashes)" [_thread_blocked, id=5404, stack(0x000000001d460000,0x000000001d560000)]
  0x0000000019f69800 JavaThread "Thread-9" [_thread_blocked, id=17608, stack(0x000000001d160000,0x000000001d260000)]
  0x0000000019f56000 JavaThread "Stdin handler" [_thread_blocked, id=17244, stack(0x000000001d060000,0x000000001d160000)]
  0x000000001a89e000 JavaThread "Asynchronous log dispatcher for DefaultDaemonConnection: socket connection from /127.0.0.1:59353 to /127.0.0.1:59354" [_thread_blocked, id=17220, stack(0x000000001cf60000,0x000000001d060000)]
  0x000000001a113000 JavaThread "Daemon worker" [_thread_in_vm, id=17860, stack(0x000000001ce60000,0x000000001cf60000)]
  0x000000001a111800 JavaThread "Cancel handler" [_thread_blocked, id=9200, stack(0x000000001cc60000,0x000000001cd60000)]
  0x000000001a89b800 JavaThread "Handler for socket connection from /127.0.0.1:59353 to /127.0.0.1:59354" [_thread_in_native, id=18576, stack(0x000000001cb60000,0x000000001cc60000)]
  0x000000001a82e800 JavaThread "Daemon" [_thread_blocked, id=19236, stack(0x000000001ca60000,0x000000001cb60000)]
  0x0000000019c18800 JavaThread "Daemon periodic checks" [_thread_blocked, id=7772, stack(0x000000001c760000,0x000000001c860000)]
  0x000000001b2a6800 JavaThread "Incoming local TCP Connector on port 59353" [_thread_in_native, id=2940, stack(0x000000001c4f0000,0x000000001c5f0000)]
  0x000000001b32c800 JavaThread "Daemon health stats" [_thread_blocked, id=6508, stack(0x000000001acb0000,0x000000001adb0000)]
  0x000000001867c800 JavaThread "Service Thread" daemon [_thread_blocked, id=18692, stack(0x00000000192e0000,0x00000000193e0000)]
  0x0000000018603000 JavaThread "C1 CompilerThread3" daemon [_thread_blocked, id=19176, stack(0x00000000191e0000,0x00000000192e0000)]
=>0x00000000185ff000 JavaThread "C2 CompilerThread2" daemon [_thread_in_native, id=18704, stack(0x00000000190e0000,0x00000000191e0000)]
  0x00000000167fa000 JavaThread "C2 CompilerThread1" daemon [_thread_in_native, id=18140, stack(0x0000000018fe0000,0x00000000190e0000)]
  0x00000000185fe000 JavaThread "C2 CompilerThread0" daemon [_thread_in_native, id=18304, stack(0x0000000018ee0000,0x0000000018fe0000)]
  0x00000000185fc000 JavaThread "Attach Listener" daemon [_thread_blocked, id=6552, stack(0x0000000018de0000,0x0000000018ee0000)]
  0x00000000185f8000 JavaThread "Signal Dispatcher" daemon [_thread_blocked, id=17496, stack(0x0000000018ce0000,0x0000000018de0000)]
  0x00000000185e1000 JavaThread "Finalizer" daemon [_thread_blocked, id=17840, stack(0x0000000018ac0000,0x0000000018bc0000)]
  0x0000000002977800 JavaThread "Reference Handler" daemon [_thread_blocked, id=19436, stack(0x00000000189c0000,0x0000000018ac0000)]
  0x0000000002882800 JavaThread "main" [_thread_blocked, id=19360, stack(0x00000000026f0000,0x00000000027f0000)]

Other Threads:
  0x00000000167e7000 VMThread [stack: 0x00000000184c0000,0x00000000185c0000] [id=19004]
  0x0000000018615800 WatcherThread [stack: 0x00000000193e0000,0x00000000194e0000] [id=18760]

VM state:not at safepoint (normal execution)

VM Mutex/Monitor currently owned by a thread: None

heap address: 0x00000000a0000000, size: 1536 MB, Compressed Oops mode: 32-bit
Narrow klass base: 0x0000000000000000, Narrow klass shift: 3
Compressed class space size: 1073741824 Address: 0x0000000100000000

Heap:
 PSYoungGen      total 76288K, used 41540K [0x00000000e0000000, 0x00000000e5600000, 0x0000000100000000)
  eden space 65536K, 48% used [0x00000000e0000000,0x00000000e1f4fe80,0x00000000e4000000)
  from space 10752K, 88% used [0x00000000e4000000,0x00000000e4941530,0x00000000e4a80000)
  to   space 9728K, 0% used [0x00000000e4a80000,0x00000000e4a80000,0x00000000e5400000)
 ParOldGen       total 49152K, used 7729K [0x00000000a0000000, 0x00000000a3000000, 0x00000000e0000000)
  object space 49152K, 15% used [0x00000000a0000000,0x00000000a078c4e8,0x00000000a3000000)
 Metaspace       used 34260K, capacity 35354K, committed 35456K, reserved 1079296K
  class space    used 4696K, capacity 4932K, committed 4992K, reserved 1048576K

Card table byte_map: [0x0000000011df0000,0x0000000012100000] byte_map_base: 0x00000000118f0000

Marking Bits: (ParMarkBitMap*) 0x00000000518cf030
 Begin Bits: [0x0000000012b00000, 0x0000000014300000)
 End Bits:   [0x0000000014300000, 0x0000000015b00000)

Polling page: 0x0000000000ea0000

CodeCache: size=245760Kb used=9767Kb max_used=9767Kb free=235992Kb
 bounds [0x0000000002a30000, 0x00000000033d0000, 0x0000000011a30000]
 total_blobs=3260 nmethods=2575 adapters=595
 compilation: enabled

Compilation events (10 events):
Event: 9.513 Thread 0x0000000018603000 nmethod 2773 0x00000000033a5390 code [0x00000000033a5520, 0x00000000033a5828]
Event: 9.514 Thread 0x0000000018603000 2775       1       java.lang.reflect.Constructor::getSignature (5 bytes)
Event: 9.514 Thread 0x0000000018603000 nmethod 2775 0x0000000003397890 code [0x00000000033979e0, 0x0000000003397af0]
Event: 9.517 Thread 0x00000000185fe000 nmethod 2767 0x00000000033a8950 code [0x00000000033a8ac0, 0x00000000033a8ee8]
Event: 9.517 Thread 0x00000000185fe000 2768       4       org.gradle.internal.reflect.MethodSet$MethodKey::hashCode (29 bytes)
Event: 9.521 Thread 0x00000000185fe000 nmethod 2768 0x00000000033a6ad0 code [0x00000000033a6c20, 0x00000000033a6eb8]
Event: 9.521 Thread 0x0000000018603000 2777       3       java.lang.AbstractStringBuilder::append (54 bytes)
Event: 9.521 Thread 0x0000000018603000 nmethod 2777 0x00000000033a5e90 code [0x00000000033a6060, 0x00000000033a6968]
Event: 9.525 Thread 0x0000000018603000 2778       3       com.google.common.collect.RegularImmutableMap$EntrySet$1::size (8 bytes)
Event: 9.526 Thread 0x0000000018603000 nmethod 2778 0x00000000033a5b10 code [0x00000000033a5c60, 0x00000000033a5dd0]

GC Heap History (10 events):
Event: 8.164 GC heap before
{Heap before GC invocations=6 (full 0):
 PSYoungGen      total 38400K, used 38384K [0x00000000e0000000, 0x00000000e5400000, 0x0000000100000000)
  eden space 33280K, 100% used [0x00000000e0000000,0x00000000e2080000,0x00000000e2080000)
  from space 5120K, 99% used [0x00000000e2080000,0x00000000e257c010,0x00000000e2580000)
  to   space 9728K, 0% used [0x00000000e4a80000,0x00000000e4a80000,0x00000000e5400000)
 ParOldGen       total 87552K, used 6662K [0x00000000a0000000, 0x00000000a5580000, 0x00000000e0000000)
  object space 87552K, 7% used [0x00000000a0000000,0x00000000a0681978,0x00000000a5580000)
 Metaspace       used 19679K, capacity 20460K, committed 20736K, reserved 1067008K
  class space    used 2803K, capacity 2980K, committed 3072K, reserved 1048576K
Event: 8.170 GC heap after
Heap after GC invocations=6 (full 0):
 PSYoungGen      total 75264K, used 8877K [0x00000000e0000000, 0x00000000e5600000, 0x0000000100000000)
  eden space 65536K, 0% used [0x00000000e0000000,0x00000000e0000000,0x00000000e4000000)
  from space 9728K, 91% used [0x00000000e4a80000,0x00000000e532b710,0x00000000e5400000)
  to   space 10752K, 0% used [0x00000000e4000000,0x00000000e4000000,0x00000000e4a80000)
 ParOldGen       total 87552K, used 6670K [0x00000000a0000000, 0x00000000a5580000, 0x00000000e0000000)
  object space 87552K, 7% used [0x00000000a0000000,0x00000000a0683978,0x00000000a5580000)
 Metaspace       used 19679K, capacity 20460K, committed 20736K, reserved 1067008K
  class space    used 2803K, capacity 2980K, committed 3072K, reserved 1048576K
}
Event: 8.256 GC heap before
{Heap before GC invocations=7 (full 0):
 PSYoungGen      total 75264K, used 23469K [0x00000000e0000000, 0x00000000e5600000, 0x0000000100000000)
  eden space 65536K, 22% used [0x00000000e0000000,0x00000000e0e3ff60,0x00000000e4000000)
  from space 9728K, 91% used [0x00000000e4a80000,0x00000000e532b710,0x00000000e5400000)
  to   space 10752K, 0% used [0x00000000e4000000,0x00000000e4000000,0x00000000e4a80000)
 ParOldGen       total 87552K, used 6670K [0x00000000a0000000, 0x00000000a5580000, 0x00000000e0000000)
  object space 87552K, 7% used [0x00000000a0000000,0x00000000a0683978,0x00000000a5580000)
 Metaspace       used 20495K, capacity 21178K, committed 21296K, reserved 1067008K
  class space    used 2937K, capacity 3111K, committed 3200K, reserved 1048576K
Event: 8.261 GC heap after
Heap after GC invocations=7 (full 0):
 PSYoungGen      total 76288K, used 4936K [0x00000000e0000000, 0x00000000e5600000, 0x0000000100000000)
  eden space 65536K, 0% used [0x00000000e0000000,0x00000000e0000000,0x00000000e4000000)
  from space 10752K, 45% used [0x00000000e4000000,0x00000000e44d2128,0x00000000e4a80000)
  to   space 9728K, 0% used [0x00000000e4a80000,0x00000000e4a80000,0x00000000e5400000)
 ParOldGen       total 87552K, used 9182K [0x00000000a0000000, 0x00000000a5580000, 0x00000000e0000000)
  object space 87552K, 10% used [0x00000000a0000000,0x00000000a08f79e8,0x00000000a5580000)
 Metaspace       used 20495K, capacity 21178K, committed 21296K, reserved 1067008K
  class space    used 2937K, capacity 3111K, committed 3200K, reserved 1048576K
}
Event: 8.261 GC heap before
{Heap before GC invocations=8 (full 1):
 PSYoungGen      total 76288K, used 4936K [0x00000000e0000000, 0x00000000e5600000, 0x0000000100000000)
  eden space 65536K, 0% used [0x00000000e0000000,0x00000000e0000000,0x00000000e4000000)
  from space 10752K, 45% used [0x00000000e4000000,0x00000000e44d2128,0x00000000e4a80000)
  to   space 9728K, 0% used [0x00000000e4a80000,0x00000000e4a80000,0x00000000e5400000)
 ParOldGen       total 87552K, used 9182K [0x00000000a0000000, 0x00000000a5580000, 0x00000000e0000000)
  object space 87552K, 10% used [0x00000000a0000000,0x00000000a08f79e8,0x00000000a5580000)
 Metaspace       used 20495K, capacity 21178K, committed 21296K, reserved 1067008K
  class space    used 2937K, capacity 3111K, committed 3200K, reserved 1048576K
Event: 8.287 GC heap after
Heap after GC invocations=8 (full 1):
 PSYoungGen      total 76288K, used 0K [0x00000000e0000000, 0x00000000e5600000, 0x0000000100000000)
  eden space 65536K, 0% used [0x00000000e0000000,0x00000000e0000000,0x00000000e4000000)
  from space 10752K, 0% used [0x00000000e4000000,0x00000000e4000000,0x00000000e4a80000)
  to   space 9728K, 0% used [0x00000000e4a80000,0x00000000e4a80000,0x00000000e5400000)
 ParOldGen       total 49152K, used 7713K [0x00000000a0000000, 0x00000000a3000000, 0x00000000e0000000)
  object space 49152K, 15% used [0x00000000a0000000,0x00000000a07884e8,0x00000000a3000000)
 Metaspace       used 20495K, capacity 21178K, committed 21296K, reserved 1067008K
  class space    used 2937K, capacity 3111K, committed 3200K, reserved 1048576K
}
Event: 8.850 GC heap before
{Heap before GC invocations=9 (full 1):
 PSYoungGen      total 76288K, used 65536K [0x00000000e0000000, 0x00000000e5600000, 0x0000000100000000)
  eden space 65536K, 100% used [0x00000000e0000000,0x00000000e4000000,0x00000000e4000000)
  from space 10752K, 0% used [0x00000000e4000000,0x00000000e4000000,0x00000000e4a80000)
  to   space 9728K, 0% used [0x00000000e4a80000,0x00000000e4a80000,0x00000000e5400000)
 ParOldGen       total 49152K, used 7713K [0x00000000a0000000, 0x00000000a3000000, 0x00000000e0000000)
  object space 49152K, 15% used [0x00000000a0000000,0x00000000a07884e8,0x00000000a3000000)
 Metaspace       used 28417K, capacity 29322K, committed 29440K, reserved 1075200K
  class space    used 4001K, capacity 4256K, committed 4352K, reserved 1048576K
Event: 8.856 GC heap after
Heap after GC invocations=9 (full 1):
 PSYoungGen      total 75264K, used 8204K [0x00000000e0000000, 0x00000000e5600000, 0x0000000100000000)
  eden space 65536K, 0% used [0x00000000e0000000,0x00000000e0000000,0x00000000e4000000)
  from space 9728K, 84% used [0x00000000e4a80000,0x00000000e5283048,0x00000000e5400000)
  to   space 10752K, 0% used [0x00000000e4000000,0x00000000e4000000,0x00000000e4a80000)
 ParOldGen       total 49152K, used 7721K [0x00000000a0000000, 0x00000000a3000000, 0x00000000e0000000)
  object space 49152K, 15% used [0x00000000a0000000,0x00000000a078a4e8,0x00000000a3000000)
 Metaspace       used 28417K, capacity 29322K, committed 29440K, reserved 1075200K
  class space    used 4001K, capacity 4256K, committed 4352K, reserved 1048576K
}
Event: 9.401 GC heap before
{Heap before GC invocations=10 (full 1):
 PSYoungGen      total 75264K, used 73740K [0x00000000e0000000, 0x00000000e5600000, 0x0000000100000000)
  eden space 65536K, 100% used [0x00000000e0000000,0x00000000e4000000,0x00000000e4000000)
  from space 9728K, 84% used [0x00000000e4a80000,0x00000000e5283048,0x00000000e5400000)
  to   space 10752K, 0% used [0x00000000e4000000,0x00000000e4000000,0x00000000e4a80000)
 ParOldGen       total 49152K, used 7721K [0x00000000a0000000, 0x00000000a3000000, 0x00000000e0000000)
  object space 49152K, 15% used [0x00000000a0000000,0x00000000a078a4e8,0x00000000a3000000)
 Metaspace       used 33089K, capacity 34092K, committed 34304K, reserved 1079296K
  class space    used 4513K, capacity 4753K, committed 4864K, reserved 1048576K
Event: 9.410 GC heap after
Heap after GC invocations=10 (full 1):
 PSYoungGen      total 76288K, used 9477K [0x00000000e0000000, 0x00000000e5600000, 0x0000000100000000)
  eden space 65536K, 0% used [0x00000000e0000000,0x00000000e0000000,0x00000000e4000000)
  from space 10752K, 88% used [0x00000000e4000000,0x00000000e4941530,0x00000000e4a80000)
  to   space 9728K, 0% used [0x00000000e4a80000,0x00000000e4a80000,0x00000000e5400000)
 ParOldGen       total 49152K, used 7729K [0x00000000a0000000, 0x00000000a3000000, 0x00000000e0000000)
  object space 49152K, 15% used [0x00000000a0000000,0x00000000a078c4e8,0x00000000a3000000)
 Metaspace       used 33089K, capacity 34092K, committed 34304K, reserved 1079296K
  class space    used 4513K, capacity 4753K, committed 4864K, reserved 1048576K
}

Deoptimization events (10 events):
Event: 8.846 Thread 0x000000001a113000 Uncommon trap: reason=unstable_if action=reinterpret pc=0x0000000003007d3c method=java.net.URLClassLoader.defineClass(Ljava/lang/String;Lsun/misc/Resource;)Ljava/lang/Class; @ 21
Event: 8.847 Thread 0x000000001a113000 Uncommon trap: reason=unstable_if action=reinterpret pc=0x0000000002f2d034 method=java.lang.ClassLoader.getClassLoadingLock(Ljava/lang/String;)Ljava/lang/Object; @ 6
Event: 8.857 Thread 0x0000000002977800 Uncommon trap: reason=unstable_if action=reinterpret pc=0x0000000002f645fc method=java.lang.ref.Reference.tryHandlePending(Z)Z @ 104
Event: 9.014 Thread 0x000000001a113000 Uncommon trap: reason=unstable_if action=reinterpret pc=0x000000000307cf10 method=java.net.URLClassLoader.defineClass(Ljava/lang/String;Lsun/misc/Resource;)Ljava/lang/Class; @ 21
Event: 9.257 Thread 0x000000001a113000 Uncommon trap: reason=unstable_if action=reinterpret pc=0x00000000032cabe4 method=java.util.HashMap.getNode(ILjava/lang/Object;)Ljava/util/HashMap$Node; @ 53
Event: 9.261 Thread 0x000000001a113000 Uncommon trap: reason=unstable_if action=reinterpret pc=0x00000000032a82b4 method=org.gradle.internal.reflect.PropertyAccessorType.isGetGetterName(Ljava/lang/String;)Z @ 14
Event: 9.284 Thread 0x000000001a113000 Uncommon trap: reason=unstable_if action=reinterpret pc=0x00000000031289c0 method=org.objectweb.asm.ByteVector.putShort(I)Lorg/objectweb/asm/ByteVector; @ 13
Event: 9.396 Thread 0x000000001a113000 Uncommon trap: reason=unstable_if action=reinterpret pc=0x0000000002e8c330 method=org.codehaus.groovy.runtime.metaclass.MetaMethodIndex.addMethodToList(Ljava/lang/Object;Lgroovy/lang/MetaMethod;)Ljava/lang/Object; @ 226
Event: 9.442 Thread 0x000000001a113000 Uncommon trap: reason=class_check action=maybe_recompile pc=0x0000000003178e68 method=java.util.WeakHashMap.eq(Ljava/lang/Object;Ljava/lang/Object;)Z @ 7
Event: 9.474 Thread 0x000000001a113000 Uncommon trap: reason=range_check action=make_not_entrant pc=0x000000000333bf9c method=java.lang.String.charAt(I)C @ 27

Classes redefined (0 events):
No events

Internal exceptions (10 events):
Event: 9.438 Thread 0x000000001a113000 Exception <a 'java/lang/ClassNotFoundException': org/gradle/api/internal/DefaultNamedDomainObjectCollectionBeanInfo> (0x00000000e06e5de8) thrown at [C:\src\AOSP-openjdk-git\hotspot\src\share\vm\classfile\systemDictionary.cpp, line 210]
Event: 9.439 Thread 0x000000001a113000 Exception <a 'java/lang/ClassNotFoundException': org/gradle/api/internal/DefaultDomainObjectCollectionBeanInfo> (0x00000000e071c6f8) thrown at [C:\src\AOSP-openjdk-git\hotspot\src\share\vm\classfile\systemDictionary.cpp, line 210]
Event: 9.439 Thread 0x000000001a113000 Exception <a 'java/lang/ClassNotFoundException': java/util/AbstractCollectionBeanInfo> (0x00000000e0720e50) thrown at [C:\src\AOSP-openjdk-git\hotspot\src\share\vm\classfile\systemDictionary.cpp, line 210]
Event: 9.439 Thread 0x000000001a113000 Exception <a 'java/lang/ClassNotFoundException': java/util/AbstractCollectionCustomizer> (0x00000000e07257d8) thrown at [C:\src\AOSP-openjdk-git\hotspot\src\share\vm\classfile\systemDictionary.cpp, line 210]
Event: 9.441 Thread 0x000000001a113000 Exception <a 'java/lang/ClassNotFoundException': org/gradle/api/internal/DefaultDomainObjectCollectionCustomizer> (0x00000000e0767570) thrown at [C:\src\AOSP-openjdk-git\hotspot\src\share\vm\classfile\systemDictionary.cpp, line 210]
Event: 9.442 Thread 0x000000001a113000 Exception <a 'java/lang/ClassNotFoundException': org/gradle/api/internal/DefaultNamedDomainObjectCollectionCustomizer> (0x00000000e07c7e28) thrown at [C:\src\AOSP-openjdk-git\hotspot\src\share\vm\classfile\systemDictionary.cpp, line 210]
Event: 9.444 Thread 0x000000001a113000 Exception <a 'java/lang/ClassNotFoundException': org/gradle/api/internal/DefaultNamedDomainObjectListCustomizer> (0x00000000e083f528) thrown at [C:\src\AOSP-openjdk-git\hotspot\src\share\vm\classfile\systemDictionary.cpp, line 210]
Event: 9.446 Thread 0x000000001a113000 Exception <a 'java/lang/ClassNotFoundException': org/gradle/api/internal/artifacts/DefaultArtifactRepositoryContainerCustomizer> (0x00000000e08b8110) thrown at [C:\src\AOSP-openjdk-git\hotspot\src\share\vm\classfile\systemDictionary.cpp, line 210]
Event: 9.447 Thread 0x000000001a113000 Exception <a 'java/lang/ClassNotFoundException': org/gradle/api/internal/artifacts/dsl/DefaultRepositoryHandlerCustomizer> (0x00000000e0921510) thrown at [C:\src\AOSP-openjdk-git\hotspot\src\share\vm\classfile\systemDictionary.cpp, line 210]
Event: 9.448 Thread 0x000000001a113000 Exception <a 'java/lang/ClassNotFoundException': org/gradle/api/internal/artifacts/dsl/DefaultRepositoryHandler_DecoratedCustomizer> (0x00000000e09a91e8) thrown at [C:\src\AOSP-openjdk-git\hotspot\src\share\vm\classfile\systemDictionary.cpp, line 210]

Events (10 events):
Event: 9.527 loading class org/gradle/api/artifacts/SelfResolvingDependency
Event: 9.527 loading class org/gradle/api/artifacts/SelfResolvingDependency done
Event: 9.527 loading class org/gradle/api/internal/notations/ProjectDependencyFactory
Event: 9.527 loading class org/gradle/api/internal/notations/ProjectDependencyFactory done
Event: 9.528 loading class org/gradle/api/internal/artifacts/DefaultDependencyFactory
Event: 9.528 loading class org/gradle/api/internal/artifacts/DefaultDependencyFactory done
Event: 9.528 loading class org/gradle/api/internal/notations/DependencyNotationParser
Event: 9.528 loading class org/gradle/api/internal/notations/DependencyNotationParser done
Event: 9.528 loading class org/gradle/api/internal/artifacts/dependencies/DefaultExternalModuleDependency
Event: 9.528 loading class org/gradle/api/internal/artifacts/dependencies/DefaultExternalModuleDependency done


Dynamic libraries:
0x00007ff7fab50000 - 0x00007ff7fab81000 	C:\Program Files\Android\Android Studio\jre\bin\java.exe
0x00007ffed8990000 - 0x00007ffed8b85000 	C:\WINDOWS\SYSTEM32\ntdll.dll
0x00007ffed6fb0000 - 0x00007ffed706e000 	C:\WINDOWS\System32\KERNEL32.DLL
0x00007ffed63d0000 - 0x00007ffed6698000 	C:\WINDOWS\System32\KERNELBASE.dll
0x00007ffed8140000 - 0x00007ffed81ee000 	C:\WINDOWS\System32\ADVAPI32.dll
0x00007ffed7950000 - 0x00007ffed79ee000 	C:\WINDOWS\System32\msvcrt.dll
0x00007ffed7070000 - 0x00007ffed710c000 	C:\WINDOWS\System32\sechost.dll
0x00007ffed6e80000 - 0x00007ffed6fa5000 	C:\WINDOWS\System32\RPCRT4.dll
0x00007ffed7370000 - 0x00007ffed7511000 	C:\WINDOWS\System32\USER32.dll
0x00007ffed6290000 - 0x00007ffed62b2000 	C:\WINDOWS\System32\win32u.dll
0x00007ffed6e50000 - 0x00007ffed6e7b000 	C:\WINDOWS\System32\GDI32.dll
0x00007ffed6890000 - 0x00007ffed699d000 	C:\WINDOWS\System32\gdi32full.dll
0x00007ffed60a0000 - 0x00007ffed613d000 	C:\WINDOWS\System32\msvcp_win.dll
0x00007ffed6190000 - 0x00007ffed6290000 	C:\WINDOWS\System32\ucrtbase.dll
0x00007ffebab80000 - 0x00007ffebae1a000 	C:\WINDOWS\WinSxS\amd64_microsoft.windows.common-controls_6595b64144ccf1df_6.0.19041.1110_none_60b5254171f9507e\COMCTL32.dll
0x00007ffed7760000 - 0x00007ffed7790000 	C:\WINDOWS\System32\IMM32.DLL
0x0000000051950000 - 0x0000000051a22000 	C:\Program Files\Android\Android Studio\jre\jre\bin\msvcr100.dll
0x0000000051100000 - 0x000000005194b000 	C:\Program Files\Android\Android Studio\jre\jre\bin\server\jvm.dll
0x00007ffed7520000 - 0x00007ffed7528000 	C:\WINDOWS\System32\PSAPI.DLL
0x00007ffebe6e0000 - 0x00007ffebe6e9000 	C:\WINDOWS\SYSTEM32\WSOCK32.dll
0x00007ffec08e0000 - 0x00007ffec08ea000 	C:\WINDOWS\SYSTEM32\VERSION.dll
0x00007ffebdf80000 - 0x00007ffebdfa7000 	C:\WINDOWS\SYSTEM32\WINMM.dll
0x00007ffed7790000 - 0x00007ffed77fb000 	C:\WINDOWS\System32\WS2_32.dll
0x00007ffecb640000 - 0x00007ffecb64f000 	C:\Program Files\Android\Android Studio\jre\jre\bin\verify.dll
0x00007ffeb2180000 - 0x00007ffeb21a9000 	C:\Program Files\Android\Android Studio\jre\jre\bin\java.dll
0x00007ffec2a70000 - 0x00007ffec2a86000 	C:\Program Files\Android\Android Studio\jre\jre\bin\zip.dll
0x00007ffed79f0000 - 0x00007ffed8134000 	C:\WINDOWS\System32\SHELL32.dll
0x00007ffed4110000 - 0x00007ffed48a5000 	C:\WINDOWS\SYSTEM32\windows.storage.dll
0x00007ffed8250000 - 0x00007ffed85a5000 	C:\WINDOWS\System32\combase.dll
0x00007ffed5af0000 - 0x00007ffed5b1e000 	C:\WINDOWS\SYSTEM32\Wldp.dll
0x00007ffed7650000 - 0x00007ffed76fd000 	C:\WINDOWS\System32\SHCORE.dll
0x00007ffed81f0000 - 0x00007ffed8245000 	C:\WINDOWS\System32\shlwapi.dll
0x00007ffed5fe0000 - 0x00007ffed5fff000 	C:\WINDOWS\SYSTEM32\profapi.dll
0x00007ffeb4780000 - 0x00007ffeb479a000 	C:\Program Files\Android\Android Studio\jre\jre\bin\net.dll
0x00007ffed5810000 - 0x00007ffed587a000 	C:\WINDOWS\system32\mswsock.dll
0x00007ffeb0d80000 - 0x00007ffeb0d93000 	C:\Program Files\Android\Android Studio\jre\jre\bin\nio.dll
0x00007ffeac410000 - 0x00007ffeac436000 	C:\Users\snrni\.gradle\native\fdc75f09e3144964f2cf3f50f0aa648679c211496f362492102eb8c894070792\windows-amd64\native-platform.dll
0x00007ffe9ed70000 - 0x00007ffe9ef01000 	C:\Users\snrni\.gradle\native\12488b8bf47d2d4c9fbf2f6322a914ad602e24e48041cd04a747c6da556b65c4\windows-amd64\native-platform-file-events.dll
0x00007ffec0a70000 - 0x00007ffec0a7d000 	C:\Program Files\Android\Android Studio\jre\jre\bin\management.dll
0x00007ffed59f0000 - 0x00007ffed5a08000 	C:\WINDOWS\SYSTEM32\CRYPTSP.dll
0x00007ffed5120000 - 0x00007ffed5154000 	C:\WINDOWS\system32\rsaenh.dll
0x00007ffed69a0000 - 0x00007ffed69c7000 	C:\WINDOWS\System32\bcrypt.dll
0x00007ffed5fa0000 - 0x00007ffed5fce000 	C:\WINDOWS\SYSTEM32\USERENV.dll
0x00007ffed6800000 - 0x00007ffed6882000 	C:\WINDOWS\System32\bcryptprimitives.dll
0x00007ffed59e0000 - 0x00007ffed59ec000 	C:\WINDOWS\SYSTEM32\CRYPTBASE.dll
0x00007ffed54d0000 - 0x00007ffed550b000 	C:\WINDOWS\SYSTEM32\IPHLPAPI.DLL
0x00007ffed7110000 - 0x00007ffed7118000 	C:\WINDOWS\System32\NSI.dll
0x00007ffec4eb0000 - 0x00007ffec4ec7000 	C:\WINDOWS\SYSTEM32\dhcpcsvc6.DLL
0x00007ffec9bd0000 - 0x00007ffec9bed000 	C:\WINDOWS\SYSTEM32\dhcpcsvc.DLL
0x00007ffed5520000 - 0x00007ffed55eb000 	C:\WINDOWS\SYSTEM32\DNSAPI.dll
0x00007ffecaa80000 - 0x00007ffecaa8b000 	C:\WINDOWS\SYSTEM32\WINNSI.DLL

VM Arguments:
jvm_args: -Xmx1536M -Dfile.encoding=windows-1252 -Duser.country=CO -Duser.language=es -Duser.variant 
java_command: org.gradle.launcher.daemon.bootstrap.GradleDaemon 6.7
java_class_path (initial): C:\Users\snrni\.gradle\wrapper\dists\gradle-6.7-all\cuy9mc7upwgwgeb72wkcrupxe\gradle-6.7\lib\gradle-launcher-6.7.jar
Launcher Type: SUN_STANDARD

Environment Variables:
JAVA_HOME=C:\Program Files\Android\Android Studio\jre
CLASSPATH=C:\Users\snrni\Documents\Flutter\crypto_app\android\\gradle\wrapper\gradle-wrapper.jar
PATH=C:\Program Files (x86)\Common Files\Oracle\Java\javapath;C:\Program Files\Java\jdk1.8.0_111\bin;C:\ProgramData\Oracle\Java\javapath;C:\Program Files (x86)\Intel\Intel(R) Management Engine Components\iCLS\;C:\Program Files\Intel\Intel(R) Management Engine Components\iCLS\;C:\WINDOWS\system32;C:\WINDOWS;C:\WINDOWS\System32\Wbem;C:\WINDOWS\System32\WindowsPowerShell\v1.0\;C:\WINDOWS\System32\OpenSSH\;C:\Program Files (x86)\Intel\Intel(R) Management Engine Components\DAL;C:\Program Files\Intel\Intel(R) Management Engine Components\DAL;C:\Program Files (x86)\Intel\Intel(R) Management Engine Components\IPT;C:\Program Files\Intel\Intel(R) Management Engine Components\IPT;C:\Program Files\Git\cmd;C:\flutter\bin;C:\Program Files\Docker\Docker\resources\bin;C:\ProgramData\DockerDesktop\version-bin;C:\Program Files\Go\bin;C:\Program Files\PostgreSQL\14\bin;C:\Users\snrni\AppData\Roaming\Pub\Cache\bin;C:\Users\snrni\AppData\Roaming\nvm;C:\Program Files\nodejs;C:\Users\snrni\AppData\Roaming\nvm;C:\Users\snrni\AppData\Local\Programs\Python\Python36\Scripts\;C:\Users\snrni\AppData\Local\Programs\Python\Python36\;C:\Users\snrni\AppData\Local\Microsoft\WindowsApps;C:\flutter\bin;C:\Users\snrni\AppData\Local\Programs\Microsoft VS Code\bin;C:\Program Files\heroku\bin;C:\Hugo\bin;C:\Users\snrni\go\bin;C:\Users\snrni\.deta\bin;C:\Users\snrni\go\bin;C:\Program Files\MongoDB\Server\4.4\bin;C:\Users\snrni\AppData\Roaming\npm;C:\Users\snrni\AppData\Local\Android\Sdk\platform-tools\;C:\Users\snrni\AppData\Roaming\nvm;C:\Program Files\nodejs;C:\Users\snrni\AppData\Roaming\nvm;;C:\flutter\bin\mingit\cmd
USERNAME=snrni
OS=Windows_NT
PROCESSOR_IDENTIFIER=Intel64 Family 6 Model 142 Stepping 10, GenuineIntel



---------------  S Y S T E M  ---------------

OS: Windows 10.0 , 64 bit Build 19041 (10.0.19041.1466)

CPU:total 8 (initial active 8) (4 cores per cpu, 2 threads per core) family 6 model 142 stepping 10, cmov, cx8, fxsr, mmx, sse, sse2, sse3, ssse3, sse4.1, sse4.2, popcnt, avx, avx2, aes, clmul, erms, 3dnowpref, lzcnt, ht, tsc, tscinvbit, bmi1, bmi2, adx

Memory: 4k page, physical 8295652k(902168k free), swap 9344228k(5872k free)

vm_info: OpenJDK 64-Bit Server VM (25.242-b01) for windows-amd64 JRE (1.8.0_242-release-1644-b01), built by "builder" with MS VC++ 10.0 (VS2010)

time: Thu Feb 24 22:27:45 2022
timezone: Hora est. Pacífico, Sudamérica
elapsed time: 9 seconds (0d 0h 0m 9s)

